        -:    0:Source:analysis.cc
        -:    0:Graph:a-analysis.gcno
        -:    0:Data:a-analysis.gcda
        -:    0:Runs:2
        -:    1:#include "analysis.h"
        -:    2:#include "condition.h"
        -:    3:#include <iostream>
        -:    4:#include <random>
        -:    5:#include <limits>
        -:    6:
        -:    7:using namespace std;
        -:    8:
  1240000:    9:vector<Passenger> Analyzer::makeBootstrapSample(const vector<Passenger>& passengers) {
  1240000:   10:    vector<Passenger> sample;
  1240000:   11:    sample.reserve(passengers.size());
        -:   12:
  1240000:   13:    static mt19937 rng(42);
  1240000:   14:    uniform_int_distribution<int> dist(0, passengers.size() - 1);
        -:   15:
        -:   16:    // Sample with replacement
1106080000:   17:    for (size_t i = 0; i < passengers.size(); i++) {
1104840000:   18:        sample.push_back(passengers[dist(rng)]);
        -:   19:    }
  1240000:   20:    return sample;
    =====:   21:}
        -:   22:
        2:   23:void Analyzer::runAnalysis(const vector<Passenger>& passengers) {
        -:   24:    
        -:   25:    // Tries various combination of conditions.
        -:   26:    // -1 means "do not filter on this feature."
        2:   27:    const int BOOTSTRAP_ITERATIONS = 20000;
        -:   28:
        8:   29:    for (int gender = -1; gender <= 1; gender++) {
       36:   30:        for (int pClass = -1; pClass <= 3; pClass++) {
      150:   31:            for (int age = -1; age <= 2; age++) {
      600:   32:                for (int fare = -1; fare <= 2; fare++) {
      480:   33:                    ConditionRes cr = Condition::defineCond(passengers, gender, pClass, age, fare);
        -:   34:                    
        -:   35:                    // Skip weak or tiny conditions before doing heavy work
      480:   36:                    if (cr.matched < 25 || cr.probability < 0.60) {
      418:   37:                        continue;
        -:   38:                }
       62:   39:                    double totalProb = 0.0;
       62:   40:                    double minProb = numeric_limits<double>::max();
       62:   41:                    double maxProb = numeric_limits<double>::lowest();
       62:   42:                    int stableCount = 0;
        -:   43:
        -:   44:                    // Heavy computation: repeatedly resample and re-evaluate
  1240062:   45:                    for (int iter = 0; iter < BOOTSTRAP_ITERATIONS; iter++) {
  1240000:   46:                        vector<Passenger> samp = makeBootstrapSample(passengers);
  1240000:   47:                        ConditionRes r = Condition::defineCond(samp, gender, pClass, age, fare);
  1240000:   48:                        if (r.matched > 0) {
  1240000:   49:                            totalProb += r.probability;
        -:   50:
  1240000:   51:                            if (r.probability < minProb) {
      602:   52:                                minProb = r.probability;
        -:   53:                            }
  1240000:   54:                            if (r.probability > maxProb) {
      516:   55:                                maxProb = r.probability;
        -:   56:                            }
  1240000:   57:                            if (r.probability >= 0.70) {
   872018:   58:                                stableCount++;
        -:   59:                            }
        -:   60:                        } else {
        -:   61:                            // Branch for rare cases when a resample contains no matches
    #####:   62:                            if (minProb > 0.0) {
    #####:   63:                                minProb = 0.0;
    #####:   64:                            } if (maxProb < 0.0) {
    #####:   65:                                maxProb = 0.0;
        -:   66:                            }
        -:   67:                        }  
  1240000:   68:                    }
        -:   69:
       62:   70:                    double avgProb = totalProb / BOOTSTRAP_ITERATIONS;
       62:   71:                    double stability = static_cast<double>(stableCount) / BOOTSTRAP_ITERATIONS;
        -:   72:
       62:   73:                    if (avgProb >= 0.70 && stability >= 0.80) {
       34:   74:                        cout << "Stable condition found:" << endl;
       34:   75:                        cout << "Condition: ";
       34:   76:                        if (gender == 1) {
       30:   77:                            cout << "Gender: Female, ";
        4:   78:                        } else if (gender == 0) {
    #####:   79:                            cout << "Gender: Male, ";
       34:   80:                        } if(pClass != -1) {
       22:   81:                            cout << "Class: " << pClass << ", ";
        -:   82:                        }
       34:   83:                        if (age == 0) {
    #####:   84:                            cout << "Age: Less than 18, ";
       34:   85:                        } else if (age == 1) {
       16:   86:                            cout << "Age: Between 18 to 40, ";
       18:   87:                        } else if (age == 2) {
        4:   88:                            cout << "Age: 40 or over, ";
        -:   89:                        }
       34:   90:                        if (fare == 0) {
        2:   91:                            cout << "Fare: Under $20 ";
       32:   92:                        } else if(fare == 1) {
        4:   93:                            cout << "Fare: Between $20 to $50 ";
       28:   94:                        } else if (fare == 2) {
       10:   95:                            cout << "Fare: $50 or over ";
        -:   96:                        }
        -:   97:
       34:   98:                        cout << endl;
       34:   99:                        cout << "Original matches: " << cr.matched << endl;
       34:  100:                        cout << "Original survival rate: " << cr.probability << endl;
       34:  101:                        cout << "Bootstrap average rate: " << avgProb << endl;
       34:  102:                        cout << "Bootstrap min rate: " << minProb << endl;
       34:  103:                        cout << "Bootstrap max rate: " << maxProb << endl;
       34:  104:                        cout << "Stability (rate >= 0.70): " << stability << endl;
        -:  105:                    }
        -:  106:            }
        -:  107:        }
        -:  108:    }
        -:  109:}
        2:  110:} 
