        -:    0:Source:main.cc
        -:    1:#include "dataset.h"
        -:    2:#include "analysis.h"
        -:    3:#include <iostream>
        -:    4:
        -:    5:using namespace std;
        -:    6:
       27:    7:int main() {
       27:    8:    Dataset dataset;
       27:    9:	string user_dataset = "";
       27:   10:	getline(cin, user_dataset);
        -:   11:
        -:   12:    // Load Titanic training data from the data folder.
       27:   13:    if (!dataset.loadCSVfile(user_dataset)) {
        4:   14:        cout << "Failed to load dataset" << endl;
        4:   15:        return 1;
        -:   16:    }
        -:   17:    
        -:   18:    // Print how many passengers were succesfully loaded.
       23:   19:    cout << "Passengers loaded: " << dataset.getPassengers().size() << endl;   
        -:   20:    // Run the full survival pattern analysis.
       23:   21:    Analyzer::runAnalysis(dataset.getPassengers());
        -:   22:	
        -:   23:	/*
        -:   24:    // Load testing data1 from the data folder.
        -:   25:    if (!dataset.loadCSVfile("data/dataset1.csv")) {
        -:   26:        cout << "Failed to load dataset" << endl;
        -:   27:        return 1;
        -:   28:    }
        -:   29:  
        -:   30:    // Print how many passengers were succesfully loaded.
        -:   31:    cout << "Dataset1: " << dataset.getPassengers().size() << endl;   
        -:   32:    // Run the full survival pattern analysis.
        -:   33:    Analyzer::runAnalysis(dataset.getPassengers());
        -:   34:
        -:   35:	
        -:   36:    // Load Titanic training data from the data folder.
        -:   37:    if (!dataset.loadCSVfile("data/dataset2.csv")) {
        -:   38:        cout << "Failed to load dataset" << endl;
        -:   39:        return 1;
        -:   40:    }
        -:   41:    
        -:   42:    // Print how many passengers were succesfully loaded.
        -:   43:    cout << "Dataset2: " << dataset.getPassengers().size() << endl;   
        -:   44:    // Run the full survival pattern analysis.
        -:   45:    Analyzer::runAnalysis(dataset.getPassengers());
        -:   46:
        -:   47:    // Load Titanic training data from the data folder.
        -:   48:    if (!dataset.loadCSVfile("data/dataset3.csv")) {
        -:   49:        cout << "Failed to load dataset" << endl;
        -:   50:        return 1;
        -:   51:    }
        -:   52:    
        -:   53:    // Print how many passengers were succesfully loaded.
        -:   54:    cout << "Dataset3: " << dataset.getPassengers().size() << endl;   
        -:   55:    // Run the full survival pattern analysis.
        -:   56:    Analyzer::runAnalysis(dataset.getPassengers());
        -:   57:
        -:   58:    // Load Titanic training data from the data folder.
        -:   59:    if (!dataset.loadCSVfile("data/dataset4.csv")) {
        -:   60:        cout << "Failed to load dataset" << endl;
        -:   61:        return 1;
        -:   62:    }
        -:   63:    
        -:   64:    // Print how many passengers were succesfully loaded.
        -:   65:    cout << "Dataset4: " << dataset.getPassengers().size() << endl;   
        -:   66:    // Run the full survival pattern analysis.
        -:   67:    Analyzer::runAnalysis(dataset.getPassengers());
        -:   68:*/
       23:   69:    return 0;
       27:   70:}
